#
# There is insufficient memory for the Java Runtime Environment to continue.
# Native memory allocation (malloc) failed to allocate 848512 bytes for Chunk::new
# Possible reasons:
#   The system is out of physical RAM or swap space
#   The process is running with CompressedOops enabled, and the Java Heap may be blocking the growth of the native heap
# Possible solutions:
#   Reduce memory load on the system
#   Increase physical memory or swap space
#   Check if swap backing store is full
#   Decrease Java heap size (-Xmx/-Xms)
#   Decrease number of Java threads
#   Decrease Java thread stack sizes (-Xss)
#   Set larger code cache with -XX:ReservedCodeCacheSize=
#   JVM is running with Unscaled Compressed Oops mode in which the Java heap is
#     placed in the first 4GB address space. The Java Heap base address is the
#     maximum limit for the native heap growth. Please use -XX:HeapBaseMinAddress
#     to set the Java Heap base and to place the Java Heap above 4GB virtual address.
# This output file may be truncated or incomplete.
#
#  Out of Memory Error (arena.cpp:189), pid=25628, tid=29488
#
# JRE version: OpenJDK Runtime Environment Temurin-17.0.1+12 (17.0.1+12) (build 17.0.1+12)
# Java VM: OpenJDK 64-Bit Server VM Temurin-17.0.1+12 (17.0.1+12, mixed mode, tiered, compressed oops, compressed class ptrs, g1 gc, windows-amd64)
# No core dump will be written. Minidumps are not enabled by default on client versions of Windows
#

---------------  S U M M A R Y ------------

Command Line: -Dfile.encoding=Cp1252 --module-path=C:\Users\user\eclipse-workspace\TESTBIBLIO\bin;C:\Users\user\eclipse-workspace\TESTBIBLIO\mysql-connector-java-8.0.28.jar -XX:+ShowCodeDetailsInExceptionMessages -Djdk.module.main=TESTBIBLIO TESTBIBLIO/TESTBIBLIO.Authentification

Host: Intel(R) Core(TM) i5-6200U CPU @ 2.30GHz, 4 cores, 7G,  Windows 10 , 64 bit Build 19041 (10.0.19041.1466)
Time: Fri Jan 28 18:02:09 2022 Paris, Madrid elapsed time: 2.055282 seconds (0d 0h 0m 2s)

---------------  T H R E A D  ---------------

Current thread (0x000001922200cca0):  JavaThread "C2 CompilerThread0" daemon [_thread_in_native, id=29488, stack(0x0000001ade400000,0x0000001ade500000)]


Current CompileTask:
C2:   2055 1135   !   4       sun.font.TrueTypeFont::getTableBuffer (199 bytes)

Stack: [0x0000001ade400000,0x0000001ade500000]
Native frames: (J=compiled Java code, j=interpreted, Vv=VM code, C=native code)
V  [jvm.dll+0x6744da]
V  [jvm.dll+0x82e144]
V  [jvm.dll+0x82f8ee]
V  [jvm.dll+0x82ff53]
V  [jvm.dll+0x245175]
V  [jvm.dll+0xab85b]
V  [jvm.dll+0xabdec]
V  [jvm.dll+0x362f07]
V  [jvm.dll+0x32d4c1]
V  [jvm.dll+0x32c96a]
V  [jvm.dll+0x218031]
V  [jvm.dll+0x217451]
V  [jvm.dll+0x1a355d]
V  [jvm.dll+0x226e38]
V  [jvm.dll+0x224f7c]
V  [jvm.dll+0x7e3f5b]
V  [jvm.dll+0x7de51a]
V  [jvm.dll+0x673305]
C  [ucrtbase.dll+0x21bb2]
C  [KERNEL32.DLL+0x17034]
C  [ntdll.dll+0x52651]


---------------  P R O C E S S  ---------------

Threads class SMR info:
_java_thread_list=0x00000192227996b0, length=17, elements={
0x00000192215b9820, 0x00000192215ba6a0, 0x000001922161cec0, 0x000001922161e790,
0x000001922161f050, 0x000001922161f910, 0x000001922200cca0, 0x000001922200d650,
0x0000019222074f70, 0x000001920800e480, 0x0000019222344d20, 0x00000192224e4d70,
0x00000192224e5240, 0x00000192223fdcf0, 0x000001922257d470, 0x0000019207f34190,
0x000001922229b340
}

Java Threads: ( => current thread )
  0x00000192215b9820 JavaThread "Reference Handler" daemon [_thread_blocked, id=27840, stack(0x0000001addd00000,0x0000001adde00000)]
  0x00000192215ba6a0 JavaThread "Finalizer" daemon [_thread_blocked, id=17428, stack(0x0000001adde00000,0x0000001addf00000)]
  0x000001922161cec0 JavaThread "Signal Dispatcher" daemon [_thread_blocked, id=21736, stack(0x0000001ade000000,0x0000001ade100000)]
  0x000001922161e790 JavaThread "Attach Listener" daemon [_thread_blocked, id=8028, stack(0x0000001ade100000,0x0000001ade200000)]
  0x000001922161f050 JavaThread "Service Thread" daemon [_thread_blocked, id=8040, stack(0x0000001ade200000,0x0000001ade300000)]
  0x000001922161f910 JavaThread "Monitor Deflation Thread" daemon [_thread_blocked, id=29080, stack(0x0000001ade300000,0x0000001ade400000)]
=>0x000001922200cca0 JavaThread "C2 CompilerThread0" daemon [_thread_in_native, id=29488, stack(0x0000001ade400000,0x0000001ade500000)]
  0x000001922200d650 JavaThread "C1 CompilerThread0" daemon [_thread_blocked, id=28588, stack(0x0000001ade500000,0x0000001ade600000)]
  0x0000019222074f70 JavaThread "Sweeper thread" daemon [_thread_blocked, id=28424, stack(0x0000001ade600000,0x0000001ade700000)]
  0x000001920800e480 JavaThread "Common-Cleaner" daemon [_thread_blocked, id=13160, stack(0x0000001ade700000,0x0000001ade800000)]
  0x0000019222344d20 JavaThread "Notification Thread" daemon [_thread_blocked, id=3104, stack(0x0000001ade900000,0x0000001adea00000)]
  0x00000192224e4d70 JavaThread "Java2D Disposer" daemon [_thread_blocked, id=3212, stack(0x0000001adeb00000,0x0000001adec00000)]
  0x00000192224e5240 JavaThread "AWT-Shutdown" [_thread_blocked, id=23432, stack(0x0000001adec00000,0x0000001aded00000)]
  0x00000192223fdcf0 JavaThread "AWT-Windows" daemon [_thread_in_native, id=4608, stack(0x0000001aded00000,0x0000001adee00000)]
  0x000001922257d470 JavaThread "AWT-EventQueue-0" [_thread_in_native, id=12332, stack(0x0000001ade800000,0x0000001ade900000)]
  0x0000019207f34190 JavaThread "DestroyJavaVM" [_thread_blocked, id=29324, stack(0x0000001add600000,0x0000001add700000)]
  0x000001922229b340 JavaThread "C2 CompilerThread1" daemon [_thread_in_native, id=27952, stack(0x0000001adf100000,0x0000001adf200000)]

Other Threads:
  0x00000192215d8d30 VMThread "VM Thread" [stack: 0x0000001addc00000,0x0000001addd00000] [id=29108]
  0x0000019207f34f50 WatcherThread [stack: 0x0000001adea00000,0x0000001adeb00000] [id=12108]
  0x0000019207f72260 GCTaskThread "GC Thread#0" [stack: 0x0000001add700000,0x0000001add800000] [id=29372]
  0x0000019222797e30 GCTaskThread "GC Thread#1" [stack: 0x0000001adee00000,0x0000001adef00000] [id=22012]
  0x00000192227a00f0 GCTaskThread "GC Thread#2" [stack: 0x0000001adef00000,0x0000001adf000000] [id=28972]
  0x00000192227a2e60 GCTaskThread "GC Thread#3" [stack: 0x0000001adf000000,0x0000001adf100000] [id=16312]
  0x0000019207f82e30 ConcurrentGCThread "G1 Main Marker" [stack: 0x0000001add800000,0x0000001add900000] [id=6484]
  0x0000019207f85200 ConcurrentGCThread "G1 Conc#0" [stack: 0x0000001add900000,0x0000001adda00000] [id=29124]
  0x0000019207ffcb70 ConcurrentGCThread "G1 Refine#0" [stack: 0x0000001adda00000,0x0000001addb00000] [id=13348]
  0x0000019207ffd590 ConcurrentGCThread "G1 Service" [stack: 0x0000001addb00000,0x0000001addc00000] [id=6388]

Threads with active compile tasks:
C2 CompilerThread0     2138 1135   !   4       sun.font.TrueTypeFont::getTableBuffer (199 bytes)
C2 CompilerThread1     2138 1182       4       java.nio.ByteBuffer::put (124 bytes)

VM state: not at safepoint (normal execution)

VM Mutex/Monitor currently owned by a thread: None

Heap address: 0x0000000081c00000, size: 2020 MB, Compressed Oops mode: 32-bit

CDS archive(s) not mapped
Compressed class space mapped at: 0x0000000100000000-0x0000000140000000, reserved size: 1073741824
Narrow klass base: 0x0000000000000000, Narrow klass shift: 3, Narrow klass range: 0x140000000

GC Precious Log:
 CPUs: 4 total, 4 available
 Memory: 8072M
 Large Page Support: Disabled
 NUMA Support: Disabled
 Compressed Oops: Enabled (32-bit)
 Heap Region Size: 1M
 Heap Min Capacity: 8M
 Heap Initial Capacity: 128M
 Heap Max Capacity: 2020M
 Pre-touch: Disabled
 Parallel Workers: 4
 Concurrent Workers: 1
 Concurrent Refinement Workers: 4
 Periodic GC: Disabled

Heap:
 garbage-first heap   total 131072K, used 10000K [0x0000000081c00000, 0x0000000100000000)
  region size 1024K, 8 young (8192K), 2 survivors (2048K)
 Metaspace       used 15670K, committed 15936K, reserved 1064960K
  class space    used 1664K, committed 1792K, reserved 1048576K

Heap Regions: E=young(eden), S=young(survivor), O=old, HS=humongous(starts), HC=humongous(continues), CS=collection set, F=free, OA=open archive, CA=closed archive, TAMS=top-at-mark-start (previous, next)
|   0|0x0000000081c00000, 0x0000000081d00000, 0x0000000081d00000|100%|HS|  |TAMS 0x0000000081c00000, 0x0000000081c00000| Complete 
|   1|0x0000000081d00000, 0x0000000081e00000, 0x0000000081e00000|100%|HC|  |TAMS 0x0000000081d00000, 0x0000000081d00000| Complete 
|   2|0x0000000081e00000, 0x0000000081ec4200, 0x0000000081f00000| 76%| O|  |TAMS 0x0000000081e00000, 0x0000000081e00000| Untracked 
|   3|0x0000000081f00000, 0x0000000081f00000, 0x0000000082000000|  0%| F|  |TAMS 0x0000000081f00000, 0x0000000081f00000| Untracked 
|   4|0x0000000082000000, 0x0000000082000000, 0x0000000082100000|  0%| F|  |TAMS 0x0000000082000000, 0x0000000082000000| Untracked 
|   5|0x0000000082100000, 0x0000000082100000, 0x0000000082200000|  0%| F|  |TAMS 0x0000000082100000, 0x0000000082100000| Untracked 
|   6|0x0000000082200000, 0x0000000082200000, 0x0000000082300000|  0%| F|  |TAMS 0x0000000082200000, 0x0000000082200000| Untracked 
|   7|0x0000000082300000, 0x0000000082300000, 0x0000000082400000|  0%| F|  |TAMS 0x0000000082300000, 0x0000000082300000| Untracked 
|   8|0x0000000082400000, 0x0000000082400000, 0x0000000082500000|  0%| F|  |TAMS 0x0000000082400000, 0x0000000082400000| Untracked 
|   9|0x0000000082500000, 0x0000000082500000, 0x0000000082600000|  0%| F|  |TAMS 0x0000000082500000, 0x0000000082500000| Untracked 
|  10|0x0000000082600000, 0x0000000082600000, 0x0000000082700000|  0%| F|  |TAMS 0x0000000082600000, 0x0000000082600000| Untracked 
|  11|0x0000000082700000, 0x0000000082700000, 0x0000000082800000|  0%| F|  |TAMS 0x0000000082700000, 0x0000000082700000| Untracked 
|  12|0x0000000082800000, 0x0000000082800000, 0x0000000082900000|  0%| F|  |TAMS 0x0000000082800000, 0x0000000082800000| Untracked 
|  13|0x0000000082900000, 0x0000000082900000, 0x0000000082a00000|  0%| F|  |TAMS 0x0000000082900000, 0x0000000082900000| Untracked 
|  14|0x0000000082a00000, 0x0000000082a00000, 0x0000000082b00000|  0%| F|  |TAMS 0x0000000082a00000, 0x0000000082a00000| Untracked 
|  15|0x0000000082b00000, 0x0000000082b00000, 0x0000000082c00000|  0%| F|  |TAMS 0x0000000082b00000, 0x0000000082b00000| Untracked 
|  16|0x0000000082c00000, 0x0000000082c00000, 0x0000000082d00000|  0%| F|  |TAMS 0x0000000082c00000, 0x0000000082c00000| Untracked 
|  17|0x0000000082d00000, 0x0000000082d00000, 0x0000000082e00000|  0%| F|  |TAMS 0x0000000082d00000, 0x0000000082d00000| Untracked 
|  18|0x0000000082e00000, 0x0000000082e00000, 0x0000000082f00000|  0%| F|  |TAMS 0x0000000082e00000, 0x0000000082e00000| Untracked 
|  19|0x0000000082f00000, 0x0000000082f00000, 0x0000000083000000|  0%| F|  |TAMS 0x0000000082f00000, 0x0000000082f00000| Untracked 
|  20|0x0000000083000000, 0x0000000083000000, 0x0000000083100000|  0%| F|  |TAMS 0x0000000083000000, 0x0000000083000000| Untracked 
|  21|0x0000000083100000, 0x0000000083100000, 0x0000000083200000|  0%| F|  |TAMS 0x0000000083100000, 0x0000000083100000| Untracked 
|  22|0x0000000083200000, 0x0000000083200000, 0x0000000083300000|  0%| F|  |TAMS 0x0000000083200000, 0x0000000083200000| Untracked 
|  23|0x0000000083300000, 0x0000000083300000, 0x0000000083400000|  0%| F|  |TAMS 0x0000000083300000, 0x0000000083300000| Untracked 
|  24|0x0000000083400000, 0x0000000083400000, 0x0000000083500000|  0%| F|  |TAMS 0x0000000083400000, 0x0000000083400000| Untracked 
|  25|0x0000000083500000, 0x0000000083500000, 0x0000000083600000|  0%| F|  |TAMS 0x0000000083500000, 0x0000000083500000| Untracked 
|  26|0x0000000083600000, 0x0000000083600000, 0x0000000083700000|  0%| F|  |TAMS 0x0000000083600000, 0x0000000083600000| Untracked 
|  27|0x0000000083700000, 0x0000000083700000, 0x0000000083800000|  0%| F|  |TAMS 0x0000000083700000, 0x0000000083700000| Untracked 
|  28|0x0000000083800000, 0x0000000083800000, 0x0000000083900000|  0%| F|  |TAMS 0x0000000083800000, 0x0000000083800000| Untracked 
|  29|0x0000000083900000, 0x0000000083900000, 0x0000000083a00000|  0%| F|  |TAMS 0x0000000083900000, 0x0000000083900000| Untracked 
|  30|0x0000000083a00000, 0x0000000083a00000, 0x0000000083b00000|  0%| F|  |TAMS 0x0000000083a00000, 0x0000000083a00000| Untracked 
|  31|0x0000000083b00000, 0x0000000083b00000, 0x0000000083c00000|  0%| F|  |TAMS 0x0000000083b00000, 0x0000000083b00000| Untracked 
|  32|0x0000000083c00000, 0x0000000083c00000, 0x0000000083d00000|  0%| F|  |TAMS 0x0000000083c00000, 0x0000000083c00000| Untracked 
|  33|0x0000000083d00000, 0x0000000083d00000, 0x0000000083e00000|  0%| F|  |TAMS 0x0000000083d00000, 0x0000000083d00000| Untracked 
|  34|0x0000000083e00000, 0x0000000083e00000, 0x0000000083f00000|  0%| F|  |TAMS 0x0000000083e00000, 0x0000000083e00000| Untracked 
|  35|0x0000000083f00000, 0x0000000083f00000, 0x0000000084000000|  0%| F|  |TAMS 0x0000000083f00000, 0x0000000083f00000| Untracked 
|  36|0x0000000084000000, 0x0000000084000000, 0x0000000084100000|  0%| F|  |TAMS 0x0000000084000000, 0x0000000084000000| Untracked 
|  37|0x0000000084100000, 0x0000000084100000, 0x0000000084200000|  0%| F|  |TAMS 0x0000000084100000, 0x0000000084100000| Untracked 
|  38|0x0000000084200000, 0x0000000084200000, 0x0000000084300000|  0%| F|  |TAMS 0x0000000084200000, 0x0000000084200000| Untracked 
|  39|0x0000000084300000, 0x0000000084300000, 0x0000000084400000|  0%| F|  |TAMS 0x0000000084300000, 0x0000000084300000| Untracked 
|  40|0x0000000084400000, 0x0000000084400000, 0x0000000084500000|  0%| F|  |TAMS 0x0000000084400000, 0x0000000084400000| Untracked 
|  41|0x0000000084500000, 0x0000000084500000, 0x0000000084600000|  0%| F|  |TAMS 0x0000000084500000, 0x0000000084500000| Untracked 
|  42|0x0000000084600000, 0x0000000084600000, 0x0000000084700000|  0%| F|  |TAMS 0x0000000084600000, 0x0000000084600000| Untracked 
|  43|0x0000000084700000, 0x0000000084700000, 0x0000000084800000|  0%| F|  |TAMS 0x0000000084700000, 0x0000000084700000| Untracked 
|  44|0x0000000084800000, 0x0000000084800000, 0x0000000084900000|  0%| F|  |TAMS 0x0000000084800000, 0x0000000084800000| Untracked 
|  45|0x0000000084900000, 0x0000000084900000, 0x0000000084a00000|  0%| F|  |TAMS 0x0000000084900000, 0x0000000084900000| Untracked 
|  46|0x0000000084a00000, 0x0000000084a00000, 0x0000000084b00000|  0%| F|  |TAMS 0x0000000084a00000, 0x0000000084a00000| Untracked 
|  47|0x0000000084b00000, 0x0000000084b00000, 0x0000000084c00000|  0%| F|  |TAMS 0x0000000084b00000, 0x0000000084b00000| Untracked 
|  48|0x0000000084c00000, 0x0000000084c00000, 0x0000000084d00000|  0%| F|  |TAMS 0x0000000084c00000, 0x0000000084c00000| Untracked 
|  49|0x0000000084d00000, 0x0000000084d00000, 0x0000000084e00000|  0%| F|  |TAMS 0x0000000084d00000, 0x0000000084d00000| Untracked 
|  50|0x0000000084e00000, 0x0000000084e00000, 0x0000000084f00000|  0%| F|  |TAMS 0x0000000084e00000, 0x0000000084e00000| Untracked 
|  51|0x0000000084f00000, 0x0000000084f00000, 0x0000000085000000|  0%| F|  |TAMS 0x0000000084f00000, 0x0000000084f00000| Untracked 
|  52|0x0000000085000000, 0x0000000085000000, 0x0000000085100000|  0%| F|  |TAMS 0x0000000085000000, 0x0000000085000000| Untracked 
|  53|0x0000000085100000, 0x0000000085100000, 0x0000000085200000|  0%| F|  |TAMS 0x0000000085100000, 0x0000000085100000| Untracked 
|  54|0x0000000085200000, 0x0000000085200000, 0x0000000085300000|  0%| F|  |TAMS 0x0000000085200000, 0x0000000085200000| Untracked 
|  55|0x0000000085300000, 0x0000000085300000, 0x0000000085400000|  0%| F|  |TAMS 0x0000000085300000, 0x0000000085300000| Untracked 
|  56|0x0000000085400000, 0x0000000085400000, 0x0000000085500000|  0%| F|  |TAMS 0x0000000085400000, 0x0000000085400000| Untracked 
|  57|0x0000000085500000, 0x0000000085500000, 0x0000000085600000|  0%| F|  |TAMS 0x0000000085500000, 0x0000000085500000| Untracked 
|  58|0x0000000085600000, 0x0000000085600000, 0x0000000085700000|  0%| F|  |TAMS 0x0000000085600000, 0x0000000085600000| Untracked 
|  59|0x0000000085700000, 0x0000000085700000, 0x0000000085800000|  0%| F|  |TAMS 0x0000000085700000, 0x0000000085700000| Untracked 
|  60|0x0000000085800000, 0x0000000085800000, 0x0000000085900000|  0%| F|  |TAMS 0x0000000085800000, 0x0000000085800000| Untracked 
|  61|0x0000000085900000, 0x0000000085900000, 0x0000000085a00000|  0%| F|  |TAMS 0x0000000085900000, 0x0000000085900000| Untracked 
|  62|0x0000000085a00000, 0x0000000085a00000, 0x0000000085b00000|  0%| F|  |TAMS 0x0000000085a00000, 0x0000000085a00000| Untracked 
|  63|0x0000000085b00000, 0x0000000085b00000, 0x0000000085c00000|  0%| F|  |TAMS 0x0000000085b00000, 0x0000000085b00000| Untracked 
|  64|0x0000000085c00000, 0x0000000085c00000, 0x0000000085d00000|  0%| F|  |TAMS 0x0000000085c00000, 0x0000000085c00000| Untracked 
|  65|0x0000000085d00000, 0x0000000085d00000, 0x0000000085e00000|  0%| F|  |TAMS 0x0000000085d00000, 0x0000000085d00000| Untracked 
|  66|0x0000000085e00000, 0x0000000085e00000, 0x0000000085f00000|  0%| F|  |TAMS 0x0000000085e00000, 0x0000000085e00000| Untracked 
|  67|0x0000000085f00000, 0x0000000085f00000, 0x0000000086000000|  0%| F|  |TAMS 0x0000000085f00000, 0x0000000085f00000| Untracked 
|  68|0x0000000086000000, 0x0000000086000000, 0x0000000086100000|  0%| F|  |TAMS 0x0000000086000000, 0x0000000086000000| Untracked 
|  69|0x0000000086100000, 0x0000000086100000, 0x0000000086200000|  0%| F|  |TAMS 0x0000000086100000, 0x0000000086100000| Untracked 
|  70|0x0000000086200000, 0x0000000086200000, 0x0000000086300000|  0%| F|  |TAMS 0x0000000086200000, 0x0000000086200000| Untracked 
|  71|0x0000000086300000, 0x0000000086300000, 0x0000000086400000|  0%| F|  |TAMS 0x0000000086300000, 0x0000000086300000| Untracked 
|  72|0x0000000086400000, 0x0000000086400000, 0x0000000086500000|  0%| F|  |TAMS 0x0000000086400000, 0x0000000086400000| Untracked 
|  73|0x0000000086500000, 0x0000000086500000, 0x0000000086600000|  0%| F|  |TAMS 0x0000000086500000, 0x0000000086500000| Untracked 
|  74|0x0000000086600000, 0x0000000086600000, 0x0000000086700000|  0%| F|  |TAMS 0x0000000086600000, 0x0000000086600000| Untracked 
|  75|0x0000000086700000, 0x0000000086700000, 0x0000000086800000|  0%| F|  |TAMS 0x0000000086700000, 0x0000000086700000| Untracked 
|  76|0x0000000086800000, 0x0000000086800000, 0x0000000086900000|  0%| F|  |TAMS 0x0000000086800000, 0x0000000086800000| Untracked 
|  77|0x0000000086900000, 0x0000000086900000, 0x0000000086a00000|  0%| F|  |TAMS 0x0000000086900000, 0x0000000086900000| Untracked 
|  78|0x0000000086a00000, 0x0000000086a00000, 0x0000000086b00000|  0%| F|  |TAMS 0x0000000086a00000, 0x0000000086a00000| Untracked 
|  79|0x0000000086b00000, 0x0000000086b00000, 0x0000000086c00000|  0%| F|  |TAMS 0x0000000086b00000, 0x0000000086b00000| Untracked 
|  80|0x0000000086c00000, 0x0000000086c00000, 0x0000000086d00000|  0%| F|  |TAMS 0x0000000086c00000, 0x0000000086c00000| Untracked 
|  81|0x0000000086d00000, 0x0000000086d00000, 0x0000000086e00000|  0%| F|  |TAMS 0x0000000086d00000, 0x0000000086d00000| Untracked 
|  82|0x0000000086e00000, 0x0000000086e00000, 0x0000000086f00000|  0%| F|  |TAMS 0x0000000086e00000, 0x0000000086e00000| Untracked 
|  83|0x0000000086f00000, 0x0000000086f00000, 0x0000000087000000|  0%| F|  |TAMS 0x0000000086f00000, 0x0000000086f00000| Untracked 
|  84|0x0000000087000000, 0x0000000087000000, 0x0000000087100000|  0%| F|  |TAMS 0x0000000087000000, 0x0000000087000000| Untracked 
|  85|0x0000000087100000, 0x0000000087100000, 0x0000000087200000|  0%| F|  |TAMS 0x0000000087100000, 0x0000000087100000| Untracked 
|  86|0x0000000087200000, 0x0000000087200000, 0x0000000087300000|  0%| F|  |TAMS 0x0000000087200000, 0x0000000087200000| Untracked 
|  87|0x0000000087300000, 0x0000000087300000, 0x0000000087400000|  0%| F|  |TAMS 0x0000000087300000, 0x0000000087300000| Untracked 
|  88|0x0000000087400000, 0x0000000087400000, 0x0000000087500000|  0%| F|  |TAMS 0x0000000087400000, 0x0000000087400000| Untracked 
|  89|0x0000000087500000, 0x0000000087500000, 0x0000000087600000|  0%| F|  |TAMS 0x0000000087500000, 0x0000000087500000| Untracked 
|  90|0x0000000087600000, 0x0000000087600000, 0x0000000087700000|  0%| F|  |TAMS 0x0000000087600000, 0x0000000087600000| Untracked 
|  91|0x0000000087700000, 0x0000000087700000, 0x0000000087800000|  0%| F|  |TAMS 0x0000000087700000, 0x0000000087700000| Untracked 
|  92|0x0000000087800000, 0x0000000087800000, 0x0000000087900000|  0%| F|  |TAMS 0x0000000087800000, 0x0000000087800000| Untracked 
|  93|0x0000000087900000, 0x0000000087900000, 0x0000000087a00000|  0%| F|  |TAMS 0x0000000087900000, 0x0000000087900000| Untracked 
|  94|0x0000000087a00000, 0x0000000087a00000, 0x0000000087b00000|  0%| F|  |TAMS 0x0000000087a00000, 0x0000000087a00000| Untracked 
|  95|0x0000000087b00000, 0x0000000087b00000, 0x0000000087c00000|  0%| F|  |TAMS 0x0000000087b00000, 0x0000000087b00000| Untracked 
|  96|0x0000000087c00000, 0x0000000087c00000, 0x0000000087d00000|  0%| F|  |TAMS 0x0000000087c00000, 0x0000000087c00000| Untracked 
|  97|0x0000000087d00000, 0x0000000087d00000, 0x0000000087e00000|  0%| F|  |TAMS 0x0000000087d00000, 0x0000000087d00000| Untracked 
|  98|0x0000000087e00000, 0x0000000087e00000, 0x0000000087f00000|  0%| F|  |TAMS 0x0000000087e00000, 0x0000000087e00000| Untracked 
|  99|0x0000000087f00000, 0x0000000087f00000, 0x0000000088000000|  0%| F|  |TAMS 0x0000000087f00000, 0x0000000087f00000| Untracked 
| 100|0x0000000088000000, 0x0000000088000000, 0x0000000088100000|  0%| F|  |TAMS 0x0000000088000000, 0x0000000088000000| Untracked 
| 101|0x0000000088100000, 0x0000000088100000, 0x0000000088200000|  0%| F|  |TAMS 0x0000000088100000, 0x0000000088100000| Untracked 
| 102|0x0000000088200000, 0x0000000088200000, 0x0000000088300000|  0%| F|  |TAMS 0x0000000088200000, 0x0000000088200000| Untracked 
| 103|0x0000000088300000, 0x0000000088300000, 0x0000000088400000|  0%| F|  |TAMS 0x0000000088300000, 0x0000000088300000| Untracked 
| 104|0x0000000088400000, 0x0000000088400000, 0x0000000088500000|  0%| F|  |TAMS 0x0000000088400000, 0x0000000088400000| Untracked 
| 105|0x0000000088500000, 0x0000000088500000, 0x0000000088600000|  0%| F|  |TAMS 0x0000000088500000, 0x0000000088500000| Untracked 
| 106|0x0000000088600000, 0x0000000088600000, 0x0000000088700000|  0%| F|  |TAMS 0x0000000088600000, 0x0000000088600000| Untracked 
| 107|0x0000000088700000, 0x0000000088700000, 0x0000000088800000|  0%| F|  |TAMS 0x0000000088700000, 0x0000000088700000| Untracked 
| 108|0x0000000088800000, 0x0000000088800000, 0x0000000088900000|  0%| F|  |TAMS 0x0000000088800000, 0x0000000088800000| Untracked 
| 109|0x0000000088900000, 0x0000000088900000, 0x0000000088a00000|  0%| F|  |TAMS 0x0000000088900000, 0x0000000088900000| Untracked 
| 110|0x0000000088a00000, 0x0000000088a00000, 0x0000000088b00000|  0%| F|  |TAMS 0x0000000088a00000, 0x0000000088a00000| Untracked 
| 111|0x0000000088b00000, 0x0000000088b00000, 0x0000000088c00000|  0%| F|  |TAMS 0x0000000088b00000, 0x0000000088b00000| Untracked 
| 112|0x0000000088c00000, 0x0000000088c00000, 0x0000000088d00000|  0%| F|  |TAMS 0x0000000088c00000, 0x0000000088c00000| Untracked 
| 113|0x0000000088d00000, 0x0000000088e00000, 0x0000000088e00000|100%| S|CS|TAMS 0x0000000088d00000, 0x0000000088d00000| Complete 
| 114|0x0000000088e00000, 0x0000000088f00000, 0x0000000088f00000|100%| S|CS|TAMS 0x0000000088e00000, 0x0000000088e00000| Complete 
| 115|0x0000000088f00000, 0x0000000088f00000, 0x0000000089000000|  0%| F|  |TAMS 0x0000000088f00000, 0x0000000088f00000| Untracked 
| 116|0x0000000089000000, 0x0000000089000000, 0x0000000089100000|  0%| F|  |TAMS 0x0000000089000000, 0x0000000089000000| Untracked 
| 117|0x0000000089100000, 0x0000000089100000, 0x0000000089200000|  0%| F|  |TAMS 0x0000000089100000, 0x0000000089100000| Untracked 
| 118|0x0000000089200000, 0x0000000089200000, 0x0000000089300000|  0%| F|  |TAMS 0x0000000089200000, 0x0000000089200000| Untracked 
| 119|0x0000000089300000, 0x0000000089300000, 0x0000000089400000|  0%| F|  |TAMS 0x0000000089300000, 0x0000000089300000| Untracked 
| 120|0x0000000089400000, 0x0000000089400000, 0x0000000089500000|  0%| F|  |TAMS 0x0000000089400000, 0x0000000089400000| Untracked 
| 121|0x0000000089500000, 0x000000008957ae60, 0x0000000089600000| 48%| E|  |TAMS 0x0000000089500000, 0x0000000089500000| Complete 
| 122|0x0000000089600000, 0x0000000089700000, 0x0000000089700000|100%| E|CS|TAMS 0x0000000089600000, 0x0000000089600000| Complete 
| 123|0x0000000089700000, 0x0000000089800000, 0x0000000089800000|100%| E|CS|TAMS 0x0000000089700000, 0x0000000089700000| Complete 
| 124|0x0000000089800000, 0x0000000089900000, 0x0000000089900000|100%| E|CS|TAMS 0x0000000089800000, 0x0000000089800000| Complete 
| 125|0x0000000089900000, 0x0000000089a00000, 0x0000000089a00000|100%| E|CS|TAMS 0x0000000089900000, 0x0000000089900000| Complete 
| 126|0x0000000089a00000, 0x0000000089b00000, 0x0000000089b00000|100%| E|CS|TAMS 0x0000000089a00000, 0x0000000089a00000| Complete 
| 127|0x0000000089b00000, 0x0000000089c00000, 0x0000000089c00000|100%| E|CS|TAMS 0x0000000089b00000, 0x0000000089b00000| Complete 

Card table byte_map: [0x000001921a9e0000,0x000001921ade0000] _byte_map_base: 0x000001921a5d2000

Marking Bits (Prev, Next): (CMBitMap*) 0x0000019207f72870, (CMBitMap*) 0x0000019207f728b0
 Prev Bits: [0x000001921b1e0000, 0x000001921d170000)
 Next Bits: [0x000001921d170000, 0x000001921f100000)

Polling page: 0x0000019205db0000

Metaspace:

Usage:
  Non-class:     13.68 MB used.
      Class:      1.63 MB used.
       Both:     15.30 MB used.

Virtual space:
  Non-class space:       16.00 MB reserved,      13.81 MB ( 86%) committed,  2 nodes.
      Class space:        1.00 GB reserved,       1.75 MB ( <1%) committed,  1 nodes.
             Both:        1.02 GB reserved,      15.56 MB (  1%) committed. 

Chunk freelists:
   Non-Class:  2.23 MB
       Class:  2.24 MB
        Both:  4.47 MB

MaxMetaspaceSize: unlimited
CompressedClassSpaceSize: 1.00 GB
Initial GC threshold: 21.00 MB
Current GC threshold: 21.00 MB
CDS: off
MetaspaceReclaimPolicy: balanced
 - commit_granule_bytes: 65536.
 - commit_granule_words: 8192.
 - virtual_space_node_default_size: 1048576.
 - enlarge_chunks_in_place: 1.
 - new_chunks_are_fully_committed: 0.
 - uncommit_free_chunks: 1.
 - use_allocation_guard: 0.
 - handle_deallocations: 1.


Internal statistics:

num_allocs_failed_limit: 0.
num_arena_births: 114.
num_arena_deaths: 0.
num_vsnodes_births: 3.
num_vsnodes_deaths: 0.
num_space_committed: 249.
num_space_uncommitted: 0.
num_chunks_returned_to_freelist: 0.
num_chunks_taken_from_freelist: 191.
num_chunk_merges: 0.
num_chunk_splits: 95.
num_chunks_enlarged: 29.
num_purges: 0.
num_inconsistent_stats: 0.

CodeHeap 'non-profiled nmethods': size=120000Kb used=329Kb max_used=329Kb free=119670Kb
 bounds [0x00000192130b0000, 0x0000019213320000, 0x000001921a5e0000]
CodeHeap 'profiled nmethods': size=120000Kb used=1930Kb max_used=1930Kb free=118069Kb
 bounds [0x000001920bb80000, 0x000001920bdf0000, 0x00000192130b0000]
CodeHeap 'non-nmethods': size=5760Kb used=1258Kb max_used=1275Kb free=4501Kb
 bounds [0x000001920b5e0000, 0x000001920b850000, 0x000001920bb80000]
 total_blobs=1761 nmethods=1181 adapters=493
 compilation: enabled
              stopped_count=0, restarted_count=0
 full_count=0

Compilation events (20 events):
Event: 1.978 Thread 0x000001922200d650 1151   !   3       sun.font.SunFontManager::registerFontFile (229 bytes)
Event: 1.980 Thread 0x000001922200d650 nmethod 1151 0x000001920bd52a90 code [0x000001920bd52da0, 0x000001920bd54068]
Event: 1.980 Thread 0x000001922200d650 1150       3       java.nio.HeapByteBuffer::getInt (30 bytes)
Event: 1.982 Thread 0x000001922200d650 nmethod 1150 0x000001920bd54910 code [0x000001920bd54b60, 0x000001920bd55548]
Event: 1.982 Thread 0x000001922200d650 1152       3       java.nio.ByteBufferAsShortBufferB::<init> (50 bytes)
Event: 1.982 Thread 0x000001922200d650 nmethod 1152 0x000001920bd55990 code [0x000001920bd55b40, 0x000001920bd55d08]
Event: 2.005 Thread 0x000001922200d650 1153       3       sun.font.FontFamily::<init> (45 bytes)
Event: 2.006 Thread 0x000001922200d650 nmethod 1153 0x000001920bd55e10 code [0x000001920bd56000, 0x000001920bd564c8]
Event: 2.016 Thread 0x000001922200d650 1155       3       sun.font.SunFontManager$T1Filter::accept (67 bytes)
Event: 2.017 Thread 0x000001922200d650 nmethod 1155 0x000001920bd56710 code [0x000001920bd56920, 0x000001920bd56e38]
Event: 2.018 Thread 0x000001922200d650 1156       3       java.lang.String::hashCode (60 bytes)
Event: 2.019 Thread 0x000001922200d650 nmethod 1156 0x000001920bd57010 code [0x000001920bd571e0, 0x000001920bd57558]
Event: 2.022 Thread 0x000001922200d650 1157       3       java.lang.StringUTF16::putChar (54 bytes)
Event: 2.022 Thread 0x000001922200d650 nmethod 1157 0x000001920bd57610 code [0x000001920bd577a0, 0x000001920bd578f8]
Event: 2.026 Thread 0x000001922200d650 1158       3       java.util.HashMap::keysToArray (81 bytes)
Event: 2.027 Thread 0x000001922200d650 nmethod 1158 0x000001920bd57a10 code [0x000001920bd57be0, 0x000001920bd58098]
Event: 2.032 Thread 0x000001922200d650 1159       3       sun.font.TrueTypeFont::initAllNames (182 bytes)
Event: 2.034 Thread 0x000001922200d650 nmethod 1159 0x000001920bd58290 code [0x000001920bd58560, 0x000001920bd59138]
Event: 2.049 Thread 0x000001922200d650 1163   !   3       sun.nio.cs.UnicodeDecoder::decodeLoop (304 bytes)
Event: 2.052 Thread 0x000001922200d650 nmethod 1163 0x000001920bd59710 code [0x000001920bd59a80, 0x000001920bd5b478]

GC Heap History (2 events):
Event: 1.961 GC heap before
{Heap before GC invocations=0 (full 0):
 garbage-first heap   total 131072K, used 15360K [0x0000000081c00000, 0x0000000100000000)
  region size 1024K, 13 young (13312K), 0 survivors (0K)
 Metaspace       used 15631K, committed 15872K, reserved 1064960K
  class space    used 1662K, committed 1792K, reserved 1048576K
}
Event: 1.972 GC heap after
{Heap after GC invocations=1 (full 0):
 garbage-first heap   total 131072K, used 4880K [0x0000000081c00000, 0x0000000100000000)
  region size 1024K, 2 young (2048K), 2 survivors (2048K)
 Metaspace       used 15631K, committed 15872K, reserved 1064960K
  class space    used 1662K, committed 1792K, reserved 1048576K
}

Deoptimization events (20 events):
Event: 1.186 Thread 0x0000019207f34190 Uncommon trap: trap_request=0xffffff45 fr.pc=0x00000192130c33dc relative=0x000000000000005c
Event: 1.186 Thread 0x0000019207f34190 Uncommon trap: reason=unstable_if action=reinterpret pc=0x00000192130c33dc method=java.lang.String.isLatin1()Z @ 10 c2
Event: 1.186 Thread 0x0000019207f34190 DEOPT PACKING pc=0x00000192130c33dc sp=0x0000001add6fd600
Event: 1.186 Thread 0x0000019207f34190 DEOPT UNPACKING pc=0x000001920b6323a3 sp=0x0000001add6fd590 mode 2
Event: 1.579 Thread 0x000001922257d470 Uncommon trap: trap_request=0xffffff45 fr.pc=0x00000192130ec258 relative=0x0000000000000518
Event: 1.579 Thread 0x000001922257d470 Uncommon trap: reason=unstable_if action=reinterpret pc=0x00000192130ec258 method=java.lang.StringLatin1.toLowerCase(Ljava/lang/String;[BLjava/util/Locale;)Ljava/lang/String; @ 43 c2
Event: 1.579 Thread 0x000001922257d470 DEOPT PACKING pc=0x00000192130ec258 sp=0x0000001ade8fc770
Event: 1.579 Thread 0x000001922257d470 DEOPT UNPACKING pc=0x000001920b6323a3 sp=0x0000001ade8fc6e0 mode 2
Event: 2.018 Thread 0x000001922257d470 Uncommon trap: trap_request=0xffffff45 fr.pc=0x00000192130bd634 relative=0x0000000000000234
Event: 2.018 Thread 0x000001922257d470 Uncommon trap: reason=unstable_if action=reinterpret pc=0x00000192130bd634 method=java.lang.String.isLatin1()Z @ 10 c2
Event: 2.018 Thread 0x000001922257d470 DEOPT PACKING pc=0x00000192130bd634 sp=0x0000001ade8fc580
Event: 2.018 Thread 0x000001922257d470 DEOPT UNPACKING pc=0x000001920b6323a3 sp=0x0000001ade8fc4b0 mode 2
Event: 2.038 Thread 0x000001922257d470 Uncommon trap: trap_request=0xffffff45 fr.pc=0x00000192130be148 relative=0x0000000000000048
Event: 2.038 Thread 0x000001922257d470 Uncommon trap: reason=unstable_if action=reinterpret pc=0x00000192130be148 method=java.lang.CharacterData.of(I)Ljava/lang/CharacterData; @ 4 c2
Event: 2.038 Thread 0x000001922257d470 DEOPT PACKING pc=0x00000192130be148 sp=0x0000001ade8fc580
Event: 2.038 Thread 0x000001922257d470 DEOPT UNPACKING pc=0x000001920b6323a3 sp=0x0000001ade8fc520 mode 2
Event: 2.049 Thread 0x000001922257d470 Uncommon trap: trap_request=0xffffff45 fr.pc=0x00000192130f9cec relative=0x000000000000042c
Event: 2.049 Thread 0x000001922257d470 Uncommon trap: reason=unstable_if action=reinterpret pc=0x00000192130f9cec method=java.lang.Character.isSurrogate(C)Z @ 3 c2
Event: 2.049 Thread 0x000001922257d470 DEOPT PACKING pc=0x00000192130f9cec sp=0x0000001ade8fc260
Event: 2.049 Thread 0x000001922257d470 DEOPT UNPACKING pc=0x000001920b6323a3 sp=0x0000001ade8fc188 mode 2

Classes unloaded (0 events):
No events

Classes redefined (0 events):
No events

Internal exceptions (20 events):
Event: 0.507 Thread 0x0000019207f34190 Exception <a 'java/lang/NoSuchMethodError'{0x0000000089a28b88}: 'void java.lang.invoke.DirectMethodHandle$Holder.invokeVirtual(java.lang.Object, java.lang.Object)'> (0x0000000089a28b88) 
thrown [e:\jenkins\tmp\workspace\build\src\src\hotspot\share\interpreter\linkResolver.cpp, line 766]
Event: 0.595 Thread 0x0000019207f34190 Exception <a 'java/lang/NoSuchMethodError'{0x0000000089990ca8}: 'void java.lang.invoke.DirectMethodHandle$Holder.invokeSpecial(java.lang.Object, java.lang.Object, java.lang.Object)'> (0x0000000089990ca8) 
thrown [e:\jenkins\tmp\workspace\build\src\src\hotspot\share\interpreter\linkResolver.cpp, line 766]
Event: 0.601 Thread 0x0000019207f34190 Exception <a 'java/lang/NoSuchMethodError'{0x00000000899a5c90}: 'void java.lang.invoke.DirectMethodHandle$Holder.invokeSpecial(java.lang.Object, java.lang.Object, java.lang.Object, java.lang.Object, java.lang.Object)'> (0x00000000899a5c90) 
thrown [e:\jenkins\tmp\workspace\build\src\src\hotspot\share\interpreter\linkResolver.cpp, line 766]
Event: 0.605 Thread 0x0000019207f34190 Exception <a 'java/lang/NoSuchMethodError'{0x00000000899b5458}: 'java.lang.Object java.lang.invoke.DirectMethodHandle$Holder.invokeInterface(java.lang.Object, java.lang.Object)'> (0x00000000899b5458) 
thrown [e:\jenkins\tmp\workspace\build\src\src\hotspot\share\interpreter\linkResolver.cpp, line 766]
Event: 0.605 Thread 0x0000019207f34190 Exception <a 'java/lang/IncompatibleClassChangeError'{0x00000000899b89a8}: Found class java.lang.Object, but interface was expected> (0x00000000899b89a8) 
thrown [e:\jenkins\tmp\workspace\build\src\src\hotspot\share\interpreter\linkResolver.cpp, line 833]
Event: 0.606 Thread 0x0000019207f34190 Exception <a 'java/lang/NoSuchMethodError'{0x00000000899bb770}: 'void java.lang.invoke.DirectMethodHandle$Holder.invokeStatic(java.lang.Object, java.lang.Object, java.lang.Object, java.lang.Object)'> (0x00000000899bb770) 
thrown [e:\jenkins\tmp\workspace\build\src\src\hotspot\share\interpreter\linkResolver.cpp, line 766]
Event: 0.662 Thread 0x0000019207f34190 Exception <a 'sun/nio/fs/WindowsException'{0x0000000089837458}> (0x0000000089837458) 
thrown [e:\jenkins\tmp\workspace\build\src\src\hotspot\share\prims\jni.cpp, line 516]
Event: 0.670 Thread 0x0000019207f34190 Exception <a 'java/lang/ClassNotFoundException'{0x000000008983d838}: sun/awt/resources/spi/awtProvider> (0x000000008983d838) 
thrown [e:\jenkins\tmp\workspace\build\src\src\hotspot\share\classfile\systemDictionary.cpp, line 256]
Event: 0.704 Thread 0x0000019207f34190 Exception <a 'java/io/FileNotFoundException'{0x00000000898aadd8}> (0x00000000898aadd8) 
thrown [e:\jenkins\tmp\workspace\build\src\src\hotspot\share\prims\jni.cpp, line 516]
Event: 0.717 Thread 0x0000019207f34190 Exception <a 'java/io/FileNotFoundException'{0x00000000898d7de0}> (0x00000000898d7de0) 
thrown [e:\jenkins\tmp\workspace\build\src\src\hotspot\share\prims\jni.cpp, line 516]
Event: 0.791 Thread 0x0000019207f34190 Exception <a 'java/lang/NoSuchMethodError'{0x0000000089722250}: 'java.lang.Object java.lang.invoke.DirectMethodHandle$Holder.invokeStaticInit(java.lang.Object)'> (0x0000000089722250) 
thrown [e:\jenkins\tmp\workspace\build\src\src\hotspot\share\interpreter\linkResolver.cpp, line 766]
Event: 0.878 Thread 0x0000019207f34190 Exception <a 'java/lang/NoSuchMethodError'{0x00000000897d3cf8}: 'java.lang.Object java.lang.invoke.DirectMethodHandle$Holder.newInvokeSpecial(java.lang.Object, java.lang.Object, java.lang.Object, java.lang.Object, java.lang.Object)'> (0x00000000897d3cf8) 
thrown [e:\jenkins\tmp\workspace\build\src\src\hotspot\share\interpreter\linkResolver.cpp, line 766]
Event: 0.880 Thread 0x0000019207f34190 Exception <a 'java/lang/NoSuchMethodError'{0x00000000897df6c0}: 'java.lang.Object java.lang.invoke.DirectMethodHandle$Holder.invokeStatic(java.lang.Object, int, java.lang.Object, java.lang.Object, java.lang.Object, java.lang.Object)'> (0x00000000897df6c0) 
thrown [e:\jenkins\tmp\workspace\build\src\src\hotspot\share\interpreter\linkResolver.cpp, line 766]
Event: 0.888 Thread 0x0000019207f34190 Exception <a 'java/lang/NoSuchMethodError'{0x0000000089605310}: 'java.lang.Object java.lang.invoke.DirectMethodHandle$Holder.invokeStatic(java.lang.Object, int, java.lang.Object)'> (0x0000000089605310) 
thrown [e:\jenkins\tmp\workspace\build\src\src\hotspot\share\interpreter\linkResolver.cpp, line 766]
Event: 0.962 Thread 0x0000019207f34190 Exception <a 'java/lang/ClassNotFoundException'{0x00000000896bc8b0}: com/sun/swing/internal/plaf/metal/resources/spi/metalProvider> (0x00000000896bc8b0) 
thrown [e:\jenkins\tmp\workspace\build\src\src\hotspot\share\classfile\systemDictionary.cpp, line 256]
Event: 0.964 Thread 0x0000019207f34190 Exception <a 'java/lang/ClassNotFoundException'{0x00000000896c12d0}: com/sun/swing/internal/plaf/basic/resources/spi/basicProvider> (0x00000000896c12d0) 
thrown [e:\jenkins\tmp\workspace\build\src\src\hotspot\share\classfile\systemDictionary.cpp, line 256]
Event: 0.976 Thread 0x0000019207f34190 Implicit null exception at 0x00000192130dd460 to 0x00000192130dd4fa
Event: 0.986 Thread 0x0000019207f34190 Implicit null exception at 0x00000192130c368f to 0x00000192130c3709
Event: 1.153 Thread 0x0000019207f34190 Exception <a 'java/lang/NoSuchMethodError'{0x000000008953fde8}: 'void java.lang.invoke.DirectMethodHandle$Holder.invokeStaticInit(java.lang.Object)'> (0x000000008953fde8) 
thrown [e:\jenkins\tmp\workspace\build\src\src\hotspot\share\interpreter\linkResolver.cpp, line 766]
Event: 1.230 Thread 0x0000019207f34190 Exception <a 'sun/nio/fs/WindowsException'{0x00000000895df998}> (0x00000000895df998) 
thrown [e:\jenkins\tmp\workspace\build\src\src\hotspot\share\prims\jni.cpp, line 516]

VM Operations (16 events):
Event: 0.545 Executing VM operation: HandshakeAllThreads
Event: 0.545 Executing VM operation: HandshakeAllThreads done
Event: 0.603 Executing VM operation: HandshakeAllThreads
Event: 0.603 Executing VM operation: HandshakeAllThreads done
Event: 0.992 Executing VM operation: HandshakeAllThreads
Event: 0.992 Executing VM operation: HandshakeAllThreads done
Event: 1.203 Executing VM operation: HandshakeAllThreads
Event: 1.203 Executing VM operation: HandshakeAllThreads done
Event: 1.341 Executing VM operation: HandshakeAllThreads
Event: 1.343 Executing VM operation: HandshakeAllThreads done
Event: 1.344 Executing VM operation: Cleanup
Event: 1.345 Executing VM operation: Cleanup done
Event: 1.961 Executing VM operation: G1CollectForAllocation
Event: 1.972 Executing VM operation: G1CollectForAllocation done
Event: 2.039 Executing VM operation: HandshakeAllThreads
Event: 2.039 Executing VM operation: HandshakeAllThreads done

Events (20 events):
Event: 1.391 loading class java/awt/print/PrinterGraphics
Event: 1.391 loading class java/awt/print/PrinterGraphics done
Event: 1.391 loading class java/awt/PrintGraphics
Event: 1.391 loading class java/awt/PrintGraphics done
Event: 1.391 loading class sun/java2d/loops/FontInfo
Event: 1.391 loading class sun/java2d/loops/FontInfo done
Event: 1.393 loading class java/util/concurrent/ConcurrentHashMap$KeySetView
Event: 1.394 loading class java/util/concurrent/ConcurrentHashMap$KeySetView done
Event: 1.394 loading class java/util/concurrent/ConcurrentHashMap$KeyIterator
Event: 1.394 loading class java/util/concurrent/ConcurrentHashMap$KeyIterator done
Event: 1.581 loading class sun/font/SunFontManager$4
Event: 1.581 loading class sun/font/SunFontManager$4 done
Event: 1.663 loading class sun/font/SunFontManager$9
Event: 1.663 loading class sun/font/SunFontManager$9 done
Event: 1.664 loading class sun/font/SunFontManager$10
Event: 1.664 loading class sun/font/SunFontManager$10 done
Event: 1.868 loading class jdk/internal/access/foreign/MemorySegmentProxy
Event: 1.868 loading class jdk/internal/access/foreign/MemorySegmentProxy done
Event: 2.038 loading class java/lang/CharacterData00
Event: 2.039 loading class java/lang/CharacterData00 done


Dynamic libraries:
0x00007ff71be90000 - 0x00007ff71be9e000 	C:\Users\user\.p2\pool\plugins\org.eclipse.justj.openjdk.hotspot.jre.full.win32.x86_64_17.0.1.v20211116-1657\jre\bin\javaw.exe
0x00007ffea7e50000 - 0x00007ffea8045000 	C:\Windows\SYSTEM32\ntdll.dll
0x00007ffe9c1a0000 - 0x00007ffe9c1b6000 	C:\Program Files\Avast Software\Avast\aswhook.dll
0x00007ffea6f20000 - 0x00007ffea6fde000 	C:\Windows\System32\KERNEL32.DLL
0x00007ffea56f0000 - 0x00007ffea59b8000 	C:\Windows\System32\KERNELBASE.dll
0x00007ffea5c50000 - 0x00007ffea5d50000 	C:\Windows\System32\ucrtbase.dll
0x00007ffe9a5a0000 - 0x00007ffe9a5b8000 	C:\Users\user\.p2\pool\plugins\org.eclipse.justj.openjdk.hotspot.jre.full.win32.x86_64_17.0.1.v20211116-1657\jre\bin\jli.dll
0x00007ffea7170000 - 0x00007ffea7311000 	C:\Windows\System32\USER32.dll
0x00007ffea5d50000 - 0x00007ffea5d72000 	C:\Windows\System32\win32u.dll
0x00007ffea6c40000 - 0x00007ffea6c6b000 	C:\Windows\System32\GDI32.dll
0x00007ffea5d80000 - 0x00007ffea5e8d000 	C:\Windows\System32\gdi32full.dll
0x00007ffea5b00000 - 0x00007ffea5b9d000 	C:\Windows\System32\msvcp_win.dll
0x00007ffe9a5c0000 - 0x00007ffe9a5d9000 	C:\Users\user\.p2\pool\plugins\org.eclipse.justj.openjdk.hotspot.jre.full.win32.x86_64_17.0.1.v20211116-1657\jre\bin\VCRUNTIME140.dll
0x00007ffe834a0000 - 0x00007ffe8373a000 	C:\Windows\WinSxS\amd64_microsoft.windows.common-controls_6595b64144ccf1df_6.0.19041.1110_none_60b5254171f9507e\COMCTL32.dll
0x00007ffea7bc0000 - 0x00007ffea7c5e000 	C:\Windows\System32\msvcrt.dll
0x00007ffea7b90000 - 0x00007ffea7bc0000 	C:\Windows\System32\IMM32.DLL
0x00007ffea2a60000 - 0x00007ffea2a6c000 	C:\Users\user\.p2\pool\plugins\org.eclipse.justj.openjdk.hotspot.jre.full.win32.x86_64_17.0.1.v20211116-1657\jre\bin\vcruntime140_1.dll
0x00007ffe89420000 - 0x00007ffe894b1000 	C:\Users\user\.p2\pool\plugins\org.eclipse.justj.openjdk.hotspot.jre.full.win32.x86_64_17.0.1.v20211116-1657\jre\bin\msvcp140.dll
0x00007ffe12400000 - 0x00007ffe13046000 	C:\Users\user\.p2\pool\plugins\org.eclipse.justj.openjdk.hotspot.jre.full.win32.x86_64_17.0.1.v20211116-1657\jre\bin\server\jvm.dll
0x00007ffea6fe0000 - 0x00007ffea708e000 	C:\Windows\System32\ADVAPI32.dll
0x00007ffea77a0000 - 0x00007ffea783c000 	C:\Windows\System32\sechost.dll
0x00007ffea6d30000 - 0x00007ffea6e55000 	C:\Windows\System32\RPCRT4.dll
0x00007ffea7a50000 - 0x00007ffea7a58000 	C:\Windows\System32\PSAPI.DLL
0x00007ffe8e960000 - 0x00007ffe8e969000 	C:\Windows\SYSTEM32\WSOCK32.dll
0x00007ffea7b20000 - 0x00007ffea7b8b000 	C:\Windows\System32\WS2_32.dll
0x00007ffe85400000 - 0x00007ffe85427000 	C:\Windows\SYSTEM32\WINMM.dll
0x00007ffea2ae0000 - 0x00007ffea2aea000 	C:\Windows\SYSTEM32\VERSION.dll
0x00007ffea3de0000 - 0x00007ffea3df2000 	C:\Windows\SYSTEM32\kernel.appcore.dll
0x00007ffea2bb0000 - 0x00007ffea2bba000 	C:\Users\user\.p2\pool\plugins\org.eclipse.justj.openjdk.hotspot.jre.full.win32.x86_64_17.0.1.v20211116-1657\jre\bin\jimage.dll
0x00007ffea3420000 - 0x00007ffea3604000 	C:\Windows\SYSTEM32\DBGHELP.DLL
0x00007ffe969c0000 - 0x00007ffe969ec000 	C:\Windows\SYSTEM32\dbgcore.DLL
0x00007ffea59c0000 - 0x00007ffea5a42000 	C:\Windows\System32\bcryptPrimitives.dll
0x00007ffe9bc80000 - 0x00007ffe9bca5000 	C:\Users\user\.p2\pool\plugins\org.eclipse.justj.openjdk.hotspot.jre.full.win32.x86_64_17.0.1.v20211116-1657\jre\bin\java.dll
0x00007ffea2b40000 - 0x00007ffea2b58000 	C:\Users\user\.p2\pool\plugins\org.eclipse.justj.openjdk.hotspot.jre.full.win32.x86_64_17.0.1.v20211116-1657\jre\bin\zip.dll
0x00007ffea5f10000 - 0x00007ffea6654000 	C:\Windows\System32\SHELL32.dll
0x00007ffea3610000 - 0x00007ffea3da5000 	C:\Windows\SYSTEM32\windows.storage.dll
0x00007ffea6660000 - 0x00007ffea69b5000 	C:\Windows\System32\combase.dll
0x00007ffea4ee0000 - 0x00007ffea4f0e000 	C:\Windows\SYSTEM32\Wldp.dll
0x00007ffea7a70000 - 0x00007ffea7b1d000 	C:\Windows\System32\SHCORE.dll
0x00007ffea6ec0000 - 0x00007ffea6f15000 	C:\Windows\System32\shlwapi.dll
0x00007ffea54a0000 - 0x00007ffea54bf000 	C:\Windows\SYSTEM32\profapi.dll
0x00007ffea0a90000 - 0x00007ffea0aa9000 	C:\Users\user\.p2\pool\plugins\org.eclipse.justj.openjdk.hotspot.jre.full.win32.x86_64_17.0.1.v20211116-1657\jre\bin\net.dll
0x00007ffe90350000 - 0x00007ffe9045c000 	C:\Windows\SYSTEM32\WINHTTP.dll
0x00007ffea4c40000 - 0x00007ffea4caa000 	C:\Windows\system32\mswsock.dll
0x00007ffe9c180000 - 0x00007ffe9c195000 	C:\Users\user\.p2\pool\plugins\org.eclipse.justj.openjdk.hotspot.jre.full.win32.x86_64_17.0.1.v20211116-1657\jre\bin\nio.dll
0x00007ffe577f0000 - 0x00007ffe5797e000 	C:\Users\user\.p2\pool\plugins\org.eclipse.justj.openjdk.hotspot.jre.full.win32.x86_64_17.0.1.v20211116-1657\jre\bin\awt.dll
0x00007ffea69c0000 - 0x00007ffea6a8d000 	C:\Windows\System32\OLEAUT32.dll
0x00007ffea2600000 - 0x00007ffea2690000 	C:\Windows\SYSTEM32\apphelp.dll
0x00007ffea2d50000 - 0x00007ffea2d7f000 	C:\Windows\system32\DWMAPI.DLL
0x00007ffea29a0000 - 0x00007ffea2a3e000 	C:\Windows\system32\uxtheme.dll
0x00007ffe8aa80000 - 0x00007ffe8aba5000 	C:\Windows\system32\opengl32.dll
0x00007ffe90950000 - 0x00007ffe9097c000 	C:\Windows\SYSTEM32\GLU32.dll
0x00007ffea6a90000 - 0x00007ffea6ba5000 	C:\Windows\System32\MSCTF.dll
0x00007ffea78c0000 - 0x00007ffea79ea000 	C:\Windows\System32\ole32.dll
0x00007ffe9a3d0000 - 0x00007ffe9a459000 	C:\Users\user\.p2\pool\plugins\org.eclipse.justj.openjdk.hotspot.jre.full.win32.x86_64_17.0.1.v20211116-1657\jre\bin\freetype.dll
0x00007ffe88a70000 - 0x00007ffe88b18000 	C:\Users\user\.p2\pool\plugins\org.eclipse.justj.openjdk.hotspot.jre.full.win32.x86_64_17.0.1.v20211116-1657\jre\bin\fontmanager.dll
0x00007ffe91a90000 - 0x00007ffe91b89000 	C:\Windows\SYSTEM32\textinputframework.dll
0x00007ffea22d0000 - 0x00007ffea23c2000 	C:\Windows\System32\CoreMessaging.dll
0x00007ffea1bf0000 - 0x00007ffea1f4e000 	C:\Windows\System32\CoreUIComponents.dll
0x00007ffea12e0000 - 0x00007ffea1434000 	C:\Windows\SYSTEM32\wintypes.dll
0x00007ffea4250000 - 0x00007ffea4283000 	C:\Windows\SYSTEM32\ntmarta.dll

dbghelp: loaded successfully - version: 4.0.5 - missing functions: none
symbol engine: initialized successfully - sym options: 0x614 - pdb path: .;C:\Users\user\.p2\pool\plugins\org.eclipse.justj.openjdk.hotspot.jre.full.win32.x86_64_17.0.1.v20211116-1657\jre\bin;C:\Windows\SYSTEM32;C:\Program Files\Avast Software\Avast;C:\Windows\WinSxS\amd64_microsoft.windows.common-controls_6595b64144ccf1df_6.0.19041.1110_none_60b5254171f9507e;C:\Users\user\.p2\pool\plugins\org.eclipse.justj.openjdk.hotspot.jre.full.win32.x86_64_17.0.1.v20211116-1657\jre\bin\server

VM Arguments:
jvm_args: -Dfile.encoding=Cp1252 --module-path=C:\Users\user\eclipse-workspace\TESTBIBLIO\bin;C:\Users\user\eclipse-workspace\TESTBIBLIO\mysql-connector-java-8.0.28.jar -XX:+ShowCodeDetailsInExceptionMessages -Djdk.module.main=TESTBIBLIO 
java_command: TESTBIBLIO/TESTBIBLIO.Authentification
java_class_path (initial): <not set>
Launcher Type: SUN_STANDARD

[Global flags]
     intx CICompilerCount                          = 3                                         {product} {ergonomic}
     uint ConcGCThreads                            = 1                                         {product} {ergonomic}
     uint G1ConcRefinementThreads                  = 4                                         {product} {ergonomic}
   size_t G1HeapRegionSize                         = 1048576                                   {product} {ergonomic}
    uintx GCDrainStackTargetSize                   = 64                                        {product} {ergonomic}
   size_t InitialHeapSize                          = 134217728                                 {product} {ergonomic}
   size_t MarkStackSize                            = 4194304                                   {product} {ergonomic}
   size_t MaxHeapSize                              = 2118123520                                {product} {ergonomic}
   size_t MaxNewSize                               = 1270874112                                {product} {ergonomic}
   size_t MinHeapDeltaBytes                        = 1048576                                   {product} {ergonomic}
   size_t MinHeapSize                              = 8388608                                   {product} {ergonomic}
    uintx NonNMethodCodeHeapSize                   = 5832780                                {pd product} {ergonomic}
    uintx NonProfiledCodeHeapSize                  = 122912730                              {pd product} {ergonomic}
    uintx ProfiledCodeHeapSize                     = 122912730                              {pd product} {ergonomic}
    uintx ReservedCodeCacheSize                    = 251658240                              {pd product} {ergonomic}
     bool SegmentedCodeCache                       = true                                      {product} {ergonomic}
     bool ShowCodeDetailsInExceptionMessages       = true                                   {manageable} {command line}
   size_t SoftMaxHeapSize                          = 2118123520                             {manageable} {ergonomic}
     bool UseCompressedClassPointers               = true                           {product lp64_product} {ergonomic}
     bool UseCompressedOops                        = true                           {product lp64_product} {ergonomic}
     bool UseG1GC                                  = true                                      {product} {ergonomic}
     bool UseLargePagesIndividualAllocation        = false                                  {pd product} {ergonomic}

Logging:
Log output configuration:
 #0: stdout all=warning uptime,level,tags
 #1: stderr all=off uptime,level,tags

Environment Variables:
PATH=C:/Users/user/.p2/pool/plugins/org.eclipse.justj.openjdk.hotspot.jre.full.win32.x86_64_17.0.1.v20211116-1657/jre/bin/server;C:/Users/user/.p2/pool/plugins/org.eclipse.justj.openjdk.hotspot.jre.full.win32.x86_64_17.0.1.v20211116-1657/jre/bin;C:\Program Files\Eclipse Adoptium\jdk-17.0.1.12-hotspot\bin;C:\oraclexe\app\oracle\product\11.2.0\server\bin;;C:\Program Files (x86)\Common Files\Oracle\Java\javapath;C:\Windows\system32;C:\Windows;C:\Windows\System32\Wbem;C:\Windows\System32\WindowsPowerShell\v1.0\;C:\Windows\System32\OpenSSH\;C:\Program Files\dotnet\;C:\Program Files\Microsoft SQL Server\130\Tools\Binn\;C:\Program Files\Microsoft SQL Server\Client SDK\ODBC\170\Tools\Binn\;C:\Program Files\Microsoft SQL Server\Client SDK\ODBC\110\Tools\Binn\;C:\Program Files (x86)\Microsoft SQL Server\120\Tools\Binn\;C:\Program Files\Microsoft SQL Server\120\Tools\Binn\;C:\Program Files\Microsoft SQL Server\120\DTS\Binn\;C:\Program Files (x86)\Microsoft SQL Server\120\Tools\Binn\ManagementStudio\;C:\Program Files (x86)\Microsoft SQL Server\120\DTS\Binn\;C:\Program Files (x86)\dotnet\;C:\Program Files\MySQL\MySQL Shell 8.0\bin\;C:\Users\user\AppData\Local\Microsoft\WindowsApps;C:\Users\user\.dotnet\tools;C:\Users\user\AppData\Local\Programs\Microsoft VS Code\bin;C:\Users\user\eclipse\java-2021-12\eclipse;
USERNAME=user
OS=Windows_NT
PROCESSOR_IDENTIFIER=Intel64 Family 6 Model 78 Stepping 3, GenuineIntel



---------------  S Y S T E M  ---------------

OS:
 Windows 10 , 64 bit Build 19041 (10.0.19041.1466)
OS uptime: 1 days 6:51 hours

CPU: total 4 (initial active 4) (2 cores per cpu, 2 threads per core) family 6 model 78 stepping 3 microcode 0xd4, cx8, cmov, fxsr, ht, mmx, 3dnowpref, sse, sse2, sse3, ssse3, sse4.1, sse4.2, popcnt, lzcnt, tsc, tscinvbit, avx, avx2, aes, erms, clmul, bmi1, bmi2, adx, fma, vzeroupper, clflush, clflushopt

Memory: 4k page, system-wide physical 8072M (629M free)
TotalPageFile size 32648M (AvailPageFile size 4M)
current process WorkingSet (physical memory assigned to process): 80M, peak: 80M
current process commit charge ("private bytes"): 218M, peak: 218M

vm_info: OpenJDK 64-Bit Server VM (17.0.1+12) for windows-amd64 JRE (17.0.1+12), built on Oct 20 2021 07:42:55 by "" with MS VC++ 16.7 (VS2019)

END.
